Using pre-set license
Built from '2022.3/staging' branch; Version is '2022.3.9f1 (ea401c316338) revision 15351836'; Using compiler version '192829333'; Build Type 'Release'
OS: 'Windows 11  (10.0.22621) 64bit CoreCountrySpecific' Language: 'zh' Physical Memory: 16010 MB
BatchMode: 1, IsHumanControllingUs: 0, StartBugReporterOnCrash: 0, Is64bit: 1, IsPro: 1

COMMAND LINE ARGUMENTS:
D:\Unity 2022.3.9f1\Editor\Unity.exe
-adb2
-batchMode
-noUpm
-name
AssetImportWorker0
-projectPath
D:/Unity椤圭/Gbits_Game/Gbits_Game
-logFile
Logs/AssetImportWorker0.log
-srvPort
64063
Successfully changed project path to: D:/Unity椤圭/Gbits_Game/Gbits_Game
D:/Unity椤圭/Gbits_Game/Gbits_Game
[UnityMemory] Configuration Parameters - Can be set up in boot.config
    "memorysetup-bucket-allocator-granularity=16"
    "memorysetup-bucket-allocator-bucket-count=8"
    "memorysetup-bucket-allocator-block-size=33554432"
    "memorysetup-bucket-allocator-block-count=8"
    "memorysetup-main-allocator-block-size=16777216"
    "memorysetup-thread-allocator-block-size=16777216"
    "memorysetup-gfx-main-allocator-block-size=16777216"
    "memorysetup-gfx-thread-allocator-block-size=16777216"
    "memorysetup-cache-allocator-block-size=4194304"
    "memorysetup-typetree-allocator-block-size=2097152"
    "memorysetup-profiler-bucket-allocator-granularity=16"
    "memorysetup-profiler-bucket-allocator-bucket-count=8"
    "memorysetup-profiler-bucket-allocator-block-size=33554432"
    "memorysetup-profiler-bucket-allocator-block-count=8"
    "memorysetup-profiler-allocator-block-size=16777216"
    "memorysetup-profiler-editor-allocator-block-size=1048576"
    "memorysetup-temp-allocator-size-main=16777216"
    "memorysetup-job-temp-allocator-block-size=2097152"
    "memorysetup-job-temp-allocator-block-size-background=1048576"
    "memorysetup-job-temp-allocator-reduction-small-platforms=262144"
    "memorysetup-allocator-temp-initial-block-size-main=262144"
    "memorysetup-allocator-temp-initial-block-size-worker=262144"
    "memorysetup-temp-allocator-size-background-worker=32768"
    "memorysetup-temp-allocator-size-job-worker=262144"
    "memorysetup-temp-allocator-size-preload-manager=33554432"
    "memorysetup-temp-allocator-size-nav-mesh-worker=65536"
    "memorysetup-temp-allocator-size-audio-worker=65536"
    "memorysetup-temp-allocator-size-cloud-worker=32768"
    "memorysetup-temp-allocator-size-gi-baking-worker=262144"
    "memorysetup-temp-allocator-size-gfx=262144"
Player connection [5808] Host "[IP] 26.26.26.1 [Port] 0 [Flags] 2 [Guid] 872344495 [EditorId] 872344495 [Version] 1048832 [Id] WindowsEditor(7,Sunshine) [Debug] 1 [PackageName] WindowsEditor [ProjectName] Editor" joined multi-casting on [225.0.0.222:54997]...

Player connection [5808] Host "[IP] 26.26.26.1 [Port] 0 [Flags] 2 [Guid] 872344495 [EditorId] 872344495 [Version] 1048832 [Id] WindowsEditor(7,Sunshine) [Debug] 1 [PackageName] WindowsEditor [ProjectName] Editor" joined alternative multi-casting on [225.0.0.222:34997]...

[Physics::Module] Initialized MultithreadedJobDispatcher with 19 workers.
Refreshing native plugins compatible for Editor in 4.97 ms, found 4 plugins.
Preloading 0 native plugins for Editor in 0.00 ms.
Initialize engine version: 2022.3.9f1 (ea401c316338)
[Subsystems] Discovering subsystems at path D:/Unity 2022.3.9f1/Editor/Data/Resources/UnitySubsystems
[Subsystems] Discovering subsystems at path D:/Unity椤圭/Gbits_Game/Gbits_Game/Assets
GfxDevice: creating device client; threaded=0; jobified=0
Direct3D:
    Version:  Direct3D 11.0 [level 11.1]
    Renderer: NVIDIA GeForce RTX 4060 Laptop GPU (ID=0x28e0)
    Vendor:   NVIDIA
    VRAM:     7971 MB
    Driver:   31.0.15.3598
Initialize mono
Mono path[0] = 'D:/Unity 2022.3.9f1/Editor/Data/Managed'
Mono path[1] = 'D:/Unity 2022.3.9f1/Editor/Data/MonoBleedingEdge/lib/mono/unityjit-win32'
Mono config path = 'D:/Unity 2022.3.9f1/Editor/Data/MonoBleedingEdge/etc'
Using monoOptions --debugger-agent=transport=dt_socket,embedding=1,server=y,suspend=n,address=127.0.0.1:56952
Begin MonoManager ReloadAssembly
Registering precompiled unity dll's ...
Register platform support module: D:/Unity 2022.3.9f1/Editor/Data/PlaybackEngines/WindowsStandaloneSupport/UnityEditor.WindowsStandalone.Extensions.dll
Registered in 0.001574 seconds.
- Loaded All Assemblies, in  0.227 seconds
Native extension for WindowsStandalone target not found
Mono: successfully reloaded assembly
- Finished resetting the current domain, in  0.166 seconds
Domain Reload Profiling: 394ms
	BeginReloadAssembly (74ms)
		ExecutionOrderSort (0ms)
		DisableScriptedObjects (0ms)
		BackupInstance (0ms)
		ReleaseScriptingObjects (0ms)
		CreateAndSetChildDomain (0ms)
	RebuildCommonClasses (22ms)
	RebuildNativeTypeToScriptingClass (7ms)
	initialDomainReloadingComplete (37ms)
	LoadAllAssembliesAndSetupDomain (86ms)
		LoadAssemblies (73ms)
		RebuildTransferFunctionScriptingTraits (0ms)
		AnalyzeDomain (85ms)
			TypeCache.Refresh (84ms)
				TypeCache.ScanAssembly (76ms)
			ScanForSourceGeneratedMonoScriptInfo (0ms)
			ResolveRequiredComponents (0ms)
	FinalizeReload (167ms)
		ReleaseScriptCaches (0ms)
		RebuildScriptCaches (0ms)
		SetupLoadedEditorAssemblies (129ms)
			LogAssemblyErrors (0ms)
			InitializePlatformSupportModulesInManaged (4ms)
			SetLoadedEditorAssemblies (5ms)
			RefreshPlugins (0ms)
			BeforeProcessingInitializeOnLoad (1ms)
			ProcessInitializeOnLoadAttributes (86ms)
			ProcessInitializeOnLoadMethodAttributes (32ms)
			AfterProcessingInitializeOnLoad (0ms)
			EditorAssembliesLoaded (0ms)
		ExecutionOrderSort2 (0ms)
		AwakeInstancesAfterBackupRestoration (0ms)
========================================================================
Worker process is ready to serve import requests
Begin MonoManager ReloadAssembly
- Loaded All Assemblies, in  0.466 seconds
Refreshing native plugins compatible for Editor in 1.49 ms, found 4 plugins.
Native extension for WindowsStandalone target not found
Package Manager log level set to [2]
[Package Manager] Server::EnsureServerProcessIsRunning -- launch failed, reason: Unity was launched with the -noUpm command-line argument
[Package Manager] UpmClient::Send -- Unable to send message (not connected to UPM process).
[Package Manager] Cannot connect to Unity Package Manager local server
Mono: successfully reloaded assembly
- Finished resetting the current domain, in  0.568 seconds
Domain Reload Profiling: 1034ms
	BeginReloadAssembly (106ms)
		ExecutionOrderSort (0ms)
		DisableScriptedObjects (4ms)
		BackupInstance (0ms)
		ReleaseScriptingObjects (0ms)
		CreateAndSetChildDomain (17ms)
	RebuildCommonClasses (20ms)
	RebuildNativeTypeToScriptingClass (7ms)
	initialDomainReloadingComplete (25ms)
	LoadAllAssembliesAndSetupDomain (307ms)
		LoadAssemblies (212ms)
		RebuildTransferFunctionScriptingTraits (0ms)
		AnalyzeDomain (154ms)
			TypeCache.Refresh (135ms)
				TypeCache.ScanAssembly (123ms)
			ScanForSourceGeneratedMonoScriptInfo (15ms)
			ResolveRequiredComponents (3ms)
	FinalizeReload (569ms)
		ReleaseScriptCaches (0ms)
		RebuildScriptCaches (0ms)
		SetupLoadedEditorAssemblies (448ms)
			LogAssemblyErrors (0ms)
			InitializePlatformSupportModulesInManaged (3ms)
			SetLoadedEditorAssemblies (2ms)
			RefreshPlugins (0ms)
			BeforeProcessingInitializeOnLoad (44ms)
			ProcessInitializeOnLoadAttributes (371ms)
			ProcessInitializeOnLoadMethodAttributes (27ms)
			AfterProcessingInitializeOnLoad (1ms)
			EditorAssembliesLoaded (0ms)
		ExecutionOrderSort2 (0ms)
		AwakeInstancesAfterBackupRestoration (4ms)
Launched and connected shader compiler UnityShaderCompiler.exe after 0.05 seconds
Refreshing native plugins compatible for Editor in 1.65 ms, found 4 plugins.
Preloading 0 native plugins for Editor in 0.00 ms.
Unloading 4725 Unused Serialized files (Serialized files now loaded: 0)
Unloading 84 unused Assets / (136.0 KB). Loaded Objects now: 5186.
Memory consumption went from 152.7 MB to 152.6 MB.
Total: 2.806100 ms (FindLiveObjects: 0.219200 ms CreateObjectMapping: 0.081100 ms MarkObjects: 2.369600 ms  DeleteObjects: 0.135000 ms)

AssetImportParameters requested are different than current active one (requested -> active):
  custom:container-demuxer-ogg: 62fdf1f143b41e24485cea50d1cbac27 -> 
  custom:video-codec-MediaFoundation-h265: 746d11721c4dcdbdad8f713fa42b33f4 -> 
  custom:video-decoder-ogg-theora: a1e56fd34408186e4bbccfd4996cb3dc -> 
  custom:framework-win-MediaFoundation: 216162199b28c13a410421893ffa2e32 -> 
  custom:container-demuxer-webm: 4f35f7cbe854078d1ac9338744f61a02 -> 
  custom:container-muxer-webm: aa71ff27fc2769a1b78a27578f13a17b -> 
  custom:video-decoder-webm-vp8: 9c59270c3fd7afecdb556c50c9e8de78 -> 
  custom:AudioImporter_EditorPlatform: d09bf68614088b80899f8185d706f6e7 -> 
  custom:video-encoder-webm-vp8: eb34c28f22e8b96e1ab97ce403110664 -> 
  custom:audio-decoder-ogg-vorbis: bf7c407c2cedff20999df2af8eb42d56 -> 
  custom:audio-encoder-webm-vorbis: bf7c407c2cedff20999df2af8eb42d56 -> 
========================================================================
Received Import Request.
  Time since last request: 6719.084845 seconds.
  path: Assets/zuoguan
  artifactKey: Guid(52f30cb81271e0246af0beb54e5cbecd) Importer(815301076,1909f56bfc062723c751e8b465ee728b)
Start importing Assets/zuoguan using Guid(52f30cb81271e0246af0beb54e5cbecd) Importer(815301076,1909f56bfc062723c751e8b465ee728b)  -> (artifact id: '853f8121f4e4a8d84d68b85641ca3b02') in 0.002918 seconds
Number of updated asset objects reloaded before import = 0
Number of asset objects unloaded after import = 0
========================================================================
Received Import Request.
  Time since last request: 0.000022 seconds.
  path: Assets/Scenes
  artifactKey: Guid(2b2d7a585c2ac4c4e8abb88f48c26087) Importer(815301076,1909f56bfc062723c751e8b465ee728b)
Start importing Assets/Scenes using Guid(2b2d7a585c2ac4c4e8abb88f48c26087) Importer(815301076,1909f56bfc062723c751e8b465ee728b)  -> (artifact id: '3c5645e5de3904c198e78d3e9f844b6e') in 0.000325 seconds
Number of updated asset objects reloaded before import = 0
Number of asset objects unloaded after import = 0
========================================================================
Received Import Request.
  Time since last request: 0.000091 seconds.
  path: Assets/Scripts
  artifactKey: Guid(14e32535bb0104948abb2bd01bb834be) Importer(815301076,1909f56bfc062723c751e8b465ee728b)
Start importing Assets/Scripts using Guid(14e32535bb0104948abb2bd01bb834be) Importer(815301076,1909f56bfc062723c751e8b465ee728b)  -> (artifact id: '6676ffcb8b87f51a39e1eaca3046238c') in 0.000278 seconds
Number of updated asset objects reloaded before import = 0
Number of asset objects unloaded after import = 0
========================================================================
Received Import Request.
  Time since last request: 2.904213 seconds.
  path: Assets/zuoguan/Prefabs
  artifactKey: Guid(512a96c3ac386f3428cc21324622a8a7) Importer(815301076,1909f56bfc062723c751e8b465ee728b)
Start importing Assets/zuoguan/Prefabs using Guid(512a96c3ac386f3428cc21324622a8a7) Importer(815301076,1909f56bfc062723c751e8b465ee728b)  -> (artifact id: '67dd8547daa42adb218921cb4ff78b7e') in 0.000329 seconds
Number of updated asset objects reloaded before import = 0
Number of asset objects unloaded after import = 0
========================================================================
Received Import Request.
  Time since last request: 1.004637 seconds.
  path: Assets/zuoguan/Prefabs/AfterImage.prefab
  artifactKey: Guid(a76565f130dbfbd42b913807703ccb66) Importer(815301076,1909f56bfc062723c751e8b465ee728b)
Start importing Assets/zuoguan/Prefabs/AfterImage.prefab using Guid(a76565f130dbfbd42b913807703ccb66) Importer(815301076,1909f56bfc062723c751e8b465ee728b)  -> (artifact id: '263c088164d8031f3ae916c5d96714d9') in 0.015412 seconds
Number of updated asset objects reloaded before import = 0
Number of asset objects unloaded after import = 6
========================================================================
Received Import Request.
  Time since last request: 0.000136 seconds.
  path: Assets/zuoguan/Prefabs/ColorDoor_Blue.prefab
  artifactKey: Guid(f7774b861a6cf72478155e925589d756) Importer(815301076,1909f56bfc062723c751e8b465ee728b)
Start importing Assets/zuoguan/Prefabs/ColorDoor_Blue.prefab using Guid(f7774b861a6cf72478155e925589d756) Importer(815301076,1909f56bfc062723c751e8b465ee728b)  -> (artifact id: 'd6a0326487f8fb960076885c63d7388e') in 0.090218 seconds
Number of updated asset objects reloaded before import = 0
Number of asset objects unloaded after import = 21
========================================================================
Received Import Request.
  Time since last request: 0.000013 seconds.
  path: Assets/zuoguan/Prefabs/Player.prefab
  artifactKey: Guid(7a95391de97414a479e3544cb8edb89b) Importer(815301076,1909f56bfc062723c751e8b465ee728b)
Start importing Assets/zuoguan/Prefabs/Player.prefab using Guid(7a95391de97414a479e3544cb8edb89b) Importer(815301076,1909f56bfc062723c751e8b465ee728b)  -> (artifact id: 'bb20da6a3b8bf8cd99066d43be78f990') in 0.031723 seconds
Number of updated asset objects reloaded before import = 0
Number of asset objects unloaded after import = 297
========================================================================
Received Import Request.
  Time since last request: 0.000013 seconds.
  path: Assets/zuoguan/Prefabs/PlayerAfterImagePool.prefab
  artifactKey: Guid(cb35a62f55b071d43bb3a73921e3b8f3) Importer(815301076,1909f56bfc062723c751e8b465ee728b)
Start importing Assets/zuoguan/Prefabs/PlayerAfterImagePool.prefab using Guid(cb35a62f55b071d43bb3a73921e3b8f3) Importer(815301076,1909f56bfc062723c751e8b465ee728b)  -> (artifact id: '9ddbfcfcff479d95ac45b6e9baab0e7a') in 0.001846 seconds
Number of updated asset objects reloaded before import = 0
Number of asset objects unloaded after import = 10
========================================================================
Received Import Request.
  Time since last request: 0.000012 seconds.
  path: Assets/zuoguan/Prefabs/Ladder.prefab
  artifactKey: Guid(6e2d718657a117b4daf685e4b9d8f877) Importer(815301076,1909f56bfc062723c751e8b465ee728b)
Start importing Assets/zuoguan/Prefabs/Ladder.prefab using Guid(6e2d718657a117b4daf685e4b9d8f877) Importer(815301076,1909f56bfc062723c751e8b465ee728b)  -> (artifact id: '3036a17cd3aa63b6410d3a5abb6d408f') in 0.018062 seconds
Number of updated asset objects reloaded before import = 0
Number of asset objects unloaded after import = 10
========================================================================
Received Import Request.
  Time since last request: 0.000018 seconds.
  path: Assets/zuoguan/Prefabs/SwitchDoor.prefab
  artifactKey: Guid(851fcb7d6e8c4124dba3ae83e1308426) Importer(815301076,1909f56bfc062723c751e8b465ee728b)
Start importing Assets/zuoguan/Prefabs/SwitchDoor.prefab using Guid(851fcb7d6e8c4124dba3ae83e1308426) Importer(815301076,1909f56bfc062723c751e8b465ee728b)  -> (artifact id: '3567c4a6928fabe179f0c425cf569a79') in 0.016649 seconds
Number of updated asset objects reloaded before import = 0
Number of asset objects unloaded after import = 24
========================================================================
Received Import Request.
  Time since last request: 0.000020 seconds.
  path: Assets/zuoguan/Prefabs/Switch_Yellow.prefab
  artifactKey: Guid(c690584fb356f314e9da69b7518ffe0d) Importer(815301076,1909f56bfc062723c751e8b465ee728b)
Start importing Assets/zuoguan/Prefabs/Switch_Yellow.prefab using Guid(c690584fb356f314e9da69b7518ffe0d) Importer(815301076,1909f56bfc062723c751e8b465ee728b)  -> (artifact id: '3807899f7eddd5ff12b23d6b80913380') in 0.023124 seconds
Number of updated asset objects reloaded before import = 0
Number of asset objects unloaded after import = 42
========================================================================
Received Import Request.
  Time since last request: 0.000015 seconds.
  path: Assets/zuoguan/Prefabs/Skill_ClimbLadder.prefab
  artifactKey: Guid(8f2c4d5f8e1c3e44289f1dfa634ab1ab) Importer(815301076,1909f56bfc062723c751e8b465ee728b)
Start importing Assets/zuoguan/Prefabs/Skill_ClimbLadder.prefab using Guid(8f2c4d5f8e1c3e44289f1dfa634ab1ab) Importer(815301076,1909f56bfc062723c751e8b465ee728b)  -> (artifact id: 'dd6bfcb5d4e2fd49d773434f00d16152') in 0.013495 seconds
Number of updated asset objects reloaded before import = 0
Number of asset objects unloaded after import = 93
========================================================================
Received Import Request.
  Time since last request: 0.000019 seconds.
  path: Assets/zuoguan/Prefabs/Switch_Red.prefab
  artifactKey: Guid(520fffe3305fe604c9de36ed0552a365) Importer(815301076,1909f56bfc062723c751e8b465ee728b)
Start importing Assets/zuoguan/Prefabs/Switch_Red.prefab using Guid(520fffe3305fe604c9de36ed0552a365) Importer(815301076,1909f56bfc062723c751e8b465ee728b)  -> (artifact id: 'b3306e6e8f51af1708dc212a95e02261') in 0.049148 seconds
Number of updated asset objects reloaded before import = 0
Number of asset objects unloaded after import = 42
========================================================================
Received Import Request.
  Time since last request: 0.000013 seconds.
  path: Assets/zuoguan/Prefabs/Skill_Climb.prefab
  artifactKey: Guid(81a8f96b611aa5a4e85212848a20bf33) Importer(815301076,1909f56bfc062723c751e8b465ee728b)
Start importing Assets/zuoguan/Prefabs/Skill_Climb.prefab using Guid(81a8f96b611aa5a4e85212848a20bf33) Importer(815301076,1909f56bfc062723c751e8b465ee728b)  -> (artifact id: '411982ced5b2b5cda90731413729c2e1') in 0.014413 seconds
Number of updated asset objects reloaded before import = 0
Number of asset objects unloaded after import = 93
========================================================================
Received Import Request.
  Time since last request: 0.000017 seconds.
  path: Assets/zuoguan/Prefabs/Switch_Grey.prefab
  artifactKey: Guid(7b2ce6c9b50045b48a52158a64dcd5c1) Importer(815301076,1909f56bfc062723c751e8b465ee728b)
Start importing Assets/zuoguan/Prefabs/Switch_Grey.prefab using Guid(7b2ce6c9b50045b48a52158a64dcd5c1) Importer(815301076,1909f56bfc062723c751e8b465ee728b)  -> (artifact id: '2a742d00ba1b519fa36bd3fad41f6607') in 0.013020 seconds
Number of updated asset objects reloaded before import = 0
Number of asset objects unloaded after import = 42
========================================================================
Received Import Request.
  Time since last request: 0.000012 seconds.
  path: Assets/zuoguan/Prefabs/ColorDoor_Yellow.prefab
  artifactKey: Guid(a74c98a017cac9f4dbd3a0c95ea58324) Importer(815301076,1909f56bfc062723c751e8b465ee728b)
Start importing Assets/zuoguan/Prefabs/ColorDoor_Yellow.prefab using Guid(a74c98a017cac9f4dbd3a0c95ea58324) Importer(815301076,1909f56bfc062723c751e8b465ee728b)  -> (artifact id: 'fe8eb18fb7c3d9c452f16aca7e2a35d0') in 0.013534 seconds
Number of updated asset objects reloaded before import = 0
Number of asset objects unloaded after import = 21
========================================================================
Received Import Request.
  Time since last request: 0.000011 seconds.
  path: Assets/zuoguan/Prefabs/SceneTrigger.prefab
  artifactKey: Guid(3b0b6afc1a8e31a499d30e3b05339bc7) Importer(815301076,1909f56bfc062723c751e8b465ee728b)
Start importing Assets/zuoguan/Prefabs/SceneTrigger.prefab using Guid(3b0b6afc1a8e31a499d30e3b05339bc7) Importer(815301076,1909f56bfc062723c751e8b465ee728b)  -> (artifact id: '3c47ad33673e87728e7084f32531b7ad') in 0.001393 seconds
Number of updated asset objects reloaded before import = 0
Number of asset objects unloaded after import = 6
========================================================================
Received Prepare
Refreshing native plugins compatible for Editor in 1.31 ms, found 4 plugins.
Preloading 0 native plugins for Editor in 0.00 ms.
Unloading 1 Unused Serialized files (Serialized files now loaded: 0)
Unloading 2 unused Assets / (74.2 KB). Loaded Objects now: 5195.
Memory consumption went from 81.6 MB to 81.5 MB.
Total: 3.051000 ms (FindLiveObjects: 0.228700 ms CreateObjectMapping: 0.120000 ms MarkObjects: 2.669400 ms  DeleteObjects: 0.032100 ms)

Prepare: number of updated asset objects reloaded= 0
AssetImportParameters requested are different than current active one (requested -> active):
  custom:container-demuxer-ogg: 62fdf1f143b41e24485cea50d1cbac27 -> 
  custom:video-codec-MediaFoundation-h265: 746d11721c4dcdbdad8f713fa42b33f4 -> 
  custom:video-decoder-ogg-theora: a1e56fd34408186e4bbccfd4996cb3dc -> 
  custom:framework-win-MediaFoundation: 216162199b28c13a410421893ffa2e32 -> 
  custom:CustomObjectIndexerAttribute: 756ad292c208cfabdd7b50bc23989ffe -> 
  custom:container-demuxer-webm: 4f35f7cbe854078d1ac9338744f61a02 -> 
  custom:container-muxer-webm: aa71ff27fc2769a1b78a27578f13a17b -> 
  custom:video-decoder-webm-vp8: 9c59270c3fd7afecdb556c50c9e8de78 -> 
  custom:SearchIndexIgnoredProperties: e643bd26f0fe6173181afceb89e7c659 -> 
  custom:AudioImporter_EditorPlatform: d09bf68614088b80899f8185d706f6e7 -> 
  custom:video-encoder-webm-vp8: eb34c28f22e8b96e1ab97ce403110664 -> 
  custom:audio-decoder-ogg-vorbis: bf7c407c2cedff20999df2af8eb42d56 -> 
  custom:audio-encoder-webm-vorbis: bf7c407c2cedff20999df2af8eb42d56 -> 
Editor requested this worker to shutdown with reason: Scaling down because of idle timeout
TcpMessagingSession - receive error: operation aborted. errorcode: 995, details: 由于线程退出或应用程序请求，已中止 I/O 操作。
AssetImportWorker is now disconnected from the server
Process exiting
Exiting without the bug reporter. Application will terminate with return code 0