Using pre-set license
Built from '2022.3/staging' branch; Version is '2022.3.9f1 (ea401c316338) revision 15351836'; Using compiler version '192829333'; Build Type 'Release'
OS: 'Windows 11  (10.0.22621) 64bit CoreCountrySpecific' Language: 'zh' Physical Memory: 16010 MB
BatchMode: 1, IsHumanControllingUs: 0, StartBugReporterOnCrash: 0, Is64bit: 1, IsPro: 1

COMMAND LINE ARGUMENTS:
D:\Unity 2022.3.9f1\Editor\Unity.exe
-adb2
-batchMode
-noUpm
-name
AssetImportWorker13
-projectPath
D:/Unity椤圭/Gbits_Game/Gbits_Game
-logFile
Logs/AssetImportWorker13.log
-srvPort
64063
Successfully changed project path to: D:/Unity椤圭/Gbits_Game/Gbits_Game
D:/Unity椤圭/Gbits_Game/Gbits_Game
[UnityMemory] Configuration Parameters - Can be set up in boot.config
    "memorysetup-bucket-allocator-granularity=16"
    "memorysetup-bucket-allocator-bucket-count=8"
    "memorysetup-bucket-allocator-block-size=33554432"
    "memorysetup-bucket-allocator-block-count=8"
    "memorysetup-main-allocator-block-size=16777216"
    "memorysetup-thread-allocator-block-size=16777216"
    "memorysetup-gfx-main-allocator-block-size=16777216"
    "memorysetup-gfx-thread-allocator-block-size=16777216"
    "memorysetup-cache-allocator-block-size=4194304"
    "memorysetup-typetree-allocator-block-size=2097152"
    "memorysetup-profiler-bucket-allocator-granularity=16"
    "memorysetup-profiler-bucket-allocator-bucket-count=8"
    "memorysetup-profiler-bucket-allocator-block-size=33554432"
    "memorysetup-profiler-bucket-allocator-block-count=8"
    "memorysetup-profiler-allocator-block-size=16777216"
    "memorysetup-profiler-editor-allocator-block-size=1048576"
    "memorysetup-temp-allocator-size-main=16777216"
    "memorysetup-job-temp-allocator-block-size=2097152"
    "memorysetup-job-temp-allocator-block-size-background=1048576"
    "memorysetup-job-temp-allocator-reduction-small-platforms=262144"
    "memorysetup-allocator-temp-initial-block-size-main=262144"
    "memorysetup-allocator-temp-initial-block-size-worker=262144"
    "memorysetup-temp-allocator-size-background-worker=32768"
    "memorysetup-temp-allocator-size-job-worker=262144"
    "memorysetup-temp-allocator-size-preload-manager=33554432"
    "memorysetup-temp-allocator-size-nav-mesh-worker=65536"
    "memorysetup-temp-allocator-size-audio-worker=65536"
    "memorysetup-temp-allocator-size-cloud-worker=32768"
    "memorysetup-temp-allocator-size-gi-baking-worker=262144"
    "memorysetup-temp-allocator-size-gfx=262144"
Player connection [10116] Host "[IP] 26.26.26.1 [Port] 0 [Flags] 2 [Guid] 3448591041 [EditorId] 3448591041 [Version] 1048832 [Id] WindowsEditor(7,Sunshine) [Debug] 1 [PackageName] WindowsEditor [ProjectName] Editor" joined multi-casting on [225.0.0.222:54997]...

Player connection [10116] Host "[IP] 26.26.26.1 [Port] 0 [Flags] 2 [Guid] 3448591041 [EditorId] 3448591041 [Version] 1048832 [Id] WindowsEditor(7,Sunshine) [Debug] 1 [PackageName] WindowsEditor [ProjectName] Editor" joined alternative multi-casting on [225.0.0.222:34997]...

[Physics::Module] Initialized MultithreadedJobDispatcher with 19 workers.
Refreshing native plugins compatible for Editor in 3.78 ms, found 4 plugins.
Preloading 0 native plugins for Editor in 0.00 ms.
Initialize engine version: 2022.3.9f1 (ea401c316338)
[Subsystems] Discovering subsystems at path D:/Unity 2022.3.9f1/Editor/Data/Resources/UnitySubsystems
[Subsystems] Discovering subsystems at path D:/Unity椤圭/Gbits_Game/Gbits_Game/Assets
GfxDevice: creating device client; threaded=0; jobified=0
Direct3D:
    Version:  Direct3D 11.0 [level 11.1]
    Renderer: NVIDIA GeForce RTX 4060 Laptop GPU (ID=0x28e0)
    Vendor:   NVIDIA
    VRAM:     7971 MB
    Driver:   31.0.15.3598
Initialize mono
Mono path[0] = 'D:/Unity 2022.3.9f1/Editor/Data/Managed'
Mono path[1] = 'D:/Unity 2022.3.9f1/Editor/Data/MonoBleedingEdge/lib/mono/unityjit-win32'
Mono config path = 'D:/Unity 2022.3.9f1/Editor/Data/MonoBleedingEdge/etc'
Using monoOptions --debugger-agent=transport=dt_socket,embedding=1,server=y,suspend=n,address=127.0.0.1:56572
Begin MonoManager ReloadAssembly
Registering precompiled unity dll's ...
Register platform support module: D:/Unity 2022.3.9f1/Editor/Data/PlaybackEngines/WindowsStandaloneSupport/UnityEditor.WindowsStandalone.Extensions.dll
Registered in 0.001346 seconds.
- Loaded All Assemblies, in  0.251 seconds
Native extension for WindowsStandalone target not found
Mono: successfully reloaded assembly
- Finished resetting the current domain, in  0.151 seconds
Domain Reload Profiling: 403ms
	BeginReloadAssembly (91ms)
		ExecutionOrderSort (0ms)
		DisableScriptedObjects (0ms)
		BackupInstance (0ms)
		ReleaseScriptingObjects (0ms)
		CreateAndSetChildDomain (1ms)
	RebuildCommonClasses (24ms)
	RebuildNativeTypeToScriptingClass (6ms)
	initialDomainReloadingComplete (31ms)
	LoadAllAssembliesAndSetupDomain (100ms)
		LoadAssemblies (91ms)
		RebuildTransferFunctionScriptingTraits (0ms)
		AnalyzeDomain (98ms)
			TypeCache.Refresh (97ms)
				TypeCache.ScanAssembly (88ms)
			ScanForSourceGeneratedMonoScriptInfo (0ms)
			ResolveRequiredComponents (0ms)
	FinalizeReload (151ms)
		ReleaseScriptCaches (0ms)
		RebuildScriptCaches (0ms)
		SetupLoadedEditorAssemblies (115ms)
			LogAssemblyErrors (0ms)
			InitializePlatformSupportModulesInManaged (4ms)
			SetLoadedEditorAssemblies (5ms)
			RefreshPlugins (0ms)
			BeforeProcessingInitializeOnLoad (1ms)
			ProcessInitializeOnLoadAttributes (74ms)
			ProcessInitializeOnLoadMethodAttributes (31ms)
			AfterProcessingInitializeOnLoad (0ms)
			EditorAssembliesLoaded (0ms)
		ExecutionOrderSort2 (0ms)
		AwakeInstancesAfterBackupRestoration (0ms)
========================================================================
Worker process is ready to serve import requests
Begin MonoManager ReloadAssembly
- Loaded All Assemblies, in  0.456 seconds
Refreshing native plugins compatible for Editor in 1.45 ms, found 4 plugins.
Native extension for WindowsStandalone target not found
Package Manager log level set to [2]
[Package Manager] Server::EnsureServerProcessIsRunning -- launch failed, reason: Unity was launched with the -noUpm command-line argument
[Package Manager] UpmClient::Send -- Unable to send message (not connected to UPM process).
[Package Manager] Cannot connect to Unity Package Manager local server
Mono: successfully reloaded assembly
- Finished resetting the current domain, in  0.480 seconds
Domain Reload Profiling: 936ms
	BeginReloadAssembly (95ms)
		ExecutionOrderSort (0ms)
		DisableScriptedObjects (3ms)
		BackupInstance (0ms)
		ReleaseScriptingObjects (0ms)
		CreateAndSetChildDomain (12ms)
	RebuildCommonClasses (18ms)
	RebuildNativeTypeToScriptingClass (6ms)
	initialDomainReloadingComplete (21ms)
	LoadAllAssembliesAndSetupDomain (316ms)
		LoadAssemblies (239ms)
		RebuildTransferFunctionScriptingTraits (0ms)
		AnalyzeDomain (133ms)
			TypeCache.Refresh (114ms)
				TypeCache.ScanAssembly (104ms)
			ScanForSourceGeneratedMonoScriptInfo (15ms)
			ResolveRequiredComponents (4ms)
	FinalizeReload (480ms)
		ReleaseScriptCaches (0ms)
		RebuildScriptCaches (0ms)
		SetupLoadedEditorAssemblies (386ms)
			LogAssemblyErrors (0ms)
			InitializePlatformSupportModulesInManaged (2ms)
			SetLoadedEditorAssemblies (2ms)
			RefreshPlugins (0ms)
			BeforeProcessingInitializeOnLoad (39ms)
			ProcessInitializeOnLoadAttributes (319ms)
			ProcessInitializeOnLoadMethodAttributes (22ms)
			AfterProcessingInitializeOnLoad (1ms)
			EditorAssembliesLoaded (0ms)
		ExecutionOrderSort2 (0ms)
		AwakeInstancesAfterBackupRestoration (4ms)
Launched and connected shader compiler UnityShaderCompiler.exe after 0.02 seconds
Refreshing native plugins compatible for Editor in 1.76 ms, found 4 plugins.
Preloading 0 native plugins for Editor in 0.00 ms.
Unloading 4725 Unused Serialized files (Serialized files now loaded: 0)
Unloading 84 unused Assets / (135.9 KB). Loaded Objects now: 5187.
Memory consumption went from 152.7 MB to 152.6 MB.
Total: 2.777000 ms (FindLiveObjects: 0.268800 ms CreateObjectMapping: 0.080000 ms MarkObjects: 2.314700 ms  DeleteObjects: 0.113000 ms)

AssetImportParameters requested are different than current active one (requested -> active):
  custom:container-demuxer-ogg: 62fdf1f143b41e24485cea50d1cbac27 -> 
  custom:video-codec-MediaFoundation-h265: 746d11721c4dcdbdad8f713fa42b33f4 -> 
  custom:video-decoder-ogg-theora: a1e56fd34408186e4bbccfd4996cb3dc -> 
  custom:framework-win-MediaFoundation: 216162199b28c13a410421893ffa2e32 -> 
  custom:CustomObjectIndexerAttribute: 756ad292c208cfabdd7b50bc23989ffe -> 
  custom:container-demuxer-webm: 4f35f7cbe854078d1ac9338744f61a02 -> 
  custom:container-muxer-webm: aa71ff27fc2769a1b78a27578f13a17b -> 
  custom:video-decoder-webm-vp8: 9c59270c3fd7afecdb556c50c9e8de78 -> 
  custom:SearchIndexIgnoredProperties: e643bd26f0fe6173181afceb89e7c659 -> 
  custom:AudioImporter_EditorPlatform: d09bf68614088b80899f8185d706f6e7 -> 
  custom:video-encoder-webm-vp8: eb34c28f22e8b96e1ab97ce403110664 -> 
  custom:audio-decoder-ogg-vorbis: bf7c407c2cedff20999df2af8eb42d56 -> 
  custom:audio-encoder-webm-vorbis: bf7c407c2cedff20999df2af8eb42d56 -> 
========================================================================
Received Import Request.
  Time since last request: 13510.483320 seconds.
  path: Assets/zuoguan/Prefabs/ColorDoor_Green.prefab
  artifactKey: Guid(996cba9b6a1453a4c8324e5b7bcc0a33) Importer(815301076,1909f56bfc062723c751e8b465ee728b)
Start importing Assets/zuoguan/Prefabs/ColorDoor_Green.prefab using Guid(996cba9b6a1453a4c8324e5b7bcc0a33) Importer(815301076,1909f56bfc062723c751e8b465ee728b)  -> (artifact id: '7049edd0f749779d92ad668fc47ab467') in 0.072660 seconds
Number of updated asset objects reloaded before import = 0
Number of asset objects unloaded after import = 21
========================================================================
Received Import Request.
  Time since last request: 18.983637 seconds.
  path: Assets/zuoguan/Prefabs/Switch_Green.prefab
  artifactKey: Guid(2c675b7d5eb358d4e8f1821e438a5006) Importer(815301076,1909f56bfc062723c751e8b465ee728b)
Start importing Assets/zuoguan/Prefabs/Switch_Green.prefab using Guid(2c675b7d5eb358d4e8f1821e438a5006) Importer(815301076,1909f56bfc062723c751e8b465ee728b)  -> (artifact id: '7ca2e79dbf0de4273fbf9e053588d1c5') in 0.015376 seconds
Number of updated asset objects reloaded before import = 0
Number of asset objects unloaded after import = 42
========================================================================
Received Import Request.
  Time since last request: 0.000013 seconds.
  path: Assets/zuoguan/Prefabs/Switch_Yellow.prefab
  artifactKey: Guid(c690584fb356f314e9da69b7518ffe0d) Importer(815301076,1909f56bfc062723c751e8b465ee728b)
Start importing Assets/zuoguan/Prefabs/Switch_Yellow.prefab using Guid(c690584fb356f314e9da69b7518ffe0d) Importer(815301076,1909f56bfc062723c751e8b465ee728b)  -> (artifact id: '3bea480cd18a03f23f8c440923626970') in 0.007214 seconds
Number of updated asset objects reloaded before import = 0
Number of asset objects unloaded after import = 42
========================================================================
Received Import Request.
  Time since last request: 367.196750 seconds.
  path: Assets/zuoguan/Prefabs/Switch_Bule.prefab
  artifactKey: Guid(1c7df704a8781b84aac96ecb50e591a7) Importer(815301076,1909f56bfc062723c751e8b465ee728b)
Start importing Assets/zuoguan/Prefabs/Switch_Bule.prefab using Guid(1c7df704a8781b84aac96ecb50e591a7) Importer(815301076,1909f56bfc062723c751e8b465ee728b)  -> (artifact id: '8872b1329d8d8222144de9ceddd8e48a') in 0.013205 seconds
Number of updated asset objects reloaded before import = 0
Number of asset objects unloaded after import = 42
========================================================================
Received Import Request.
  Time since last request: 0.013513 seconds.
  path: Assets/zuoguan/Prefabs/Switch_Green.prefab
  artifactKey: Guid(2c675b7d5eb358d4e8f1821e438a5006) Importer(815301076,1909f56bfc062723c751e8b465ee728b)
Start importing Assets/zuoguan/Prefabs/Switch_Green.prefab using Guid(2c675b7d5eb358d4e8f1821e438a5006) Importer(815301076,1909f56bfc062723c751e8b465ee728b)  -> (artifact id: '019da43d4b7d1f3d2a5c4bfb2e0a4296') in 0.014937 seconds
Number of updated asset objects reloaded before import = 0
Number of asset objects unloaded after import = 42
========================================================================
Received Import Request.
  Time since last request: 0.000017 seconds.
  path: Assets/zuoguan/Prefabs/Switch_Red.prefab
  artifactKey: Guid(520fffe3305fe604c9de36ed0552a365) Importer(815301076,1909f56bfc062723c751e8b465ee728b)
Start importing Assets/zuoguan/Prefabs/Switch_Red.prefab using Guid(520fffe3305fe604c9de36ed0552a365) Importer(815301076,1909f56bfc062723c751e8b465ee728b)  -> (artifact id: '2a0faed1385687b9a3da03f544d28867') in 0.013409 seconds
Number of updated asset objects reloaded before import = 0
Number of asset objects unloaded after import = 42
========================================================================
Received Import Request.
  Time since last request: 0.880704 seconds.
  path: Assets/zuoguan/Prefabs/Switch_Bule.prefab
  artifactKey: Guid(1c7df704a8781b84aac96ecb50e591a7) Importer(815301076,1909f56bfc062723c751e8b465ee728b)
Start importing Assets/zuoguan/Prefabs/Switch_Bule.prefab using Guid(1c7df704a8781b84aac96ecb50e591a7) Importer(815301076,1909f56bfc062723c751e8b465ee728b)  -> (artifact id: 'b3089e9d7a9db42df6b30c05ccf09261') in 0.014183 seconds
Number of updated asset objects reloaded before import = 0
Number of asset objects unloaded after import = 42
========================================================================
Received Import Request.
  Time since last request: 0.000014 seconds.
  path: Assets/zuoguan/Prefabs/Switch_Red.prefab
  artifactKey: Guid(520fffe3305fe604c9de36ed0552a365) Importer(815301076,1909f56bfc062723c751e8b465ee728b)
Start importing Assets/zuoguan/Prefabs/Switch_Red.prefab using Guid(520fffe3305fe604c9de36ed0552a365) Importer(815301076,1909f56bfc062723c751e8b465ee728b)  -> (artifact id: '57e078632f22a5fabdcd0ed71d956f5d') in 0.013521 seconds
Number of updated asset objects reloaded before import = 0
Number of asset objects unloaded after import = 42
========================================================================
Received Import Request.
  Time since last request: 47.321590 seconds.
  path: Assets/zuoguan/Prefabs/ColorDoor_Green.prefab
  artifactKey: Guid(996cba9b6a1453a4c8324e5b7bcc0a33) Importer(815301076,1909f56bfc062723c751e8b465ee728b)
Start importing Assets/zuoguan/Prefabs/ColorDoor_Green.prefab using Guid(996cba9b6a1453a4c8324e5b7bcc0a33) Importer(815301076,1909f56bfc062723c751e8b465ee728b)  -> (artifact id: 'afec8187e95c131af2843ecfac41b19b') in 0.015530 seconds
Number of updated asset objects reloaded before import = 0
Number of asset objects unloaded after import = 21
Editor requested this worker to shutdown with reason: Scaling down because of idle timeout
TcpMessagingSession - receive error: operation aborted. errorcode: 995, details: 由于线程退出或应用程序请求，已中止 I/O 操作。
AssetImportWorker is now disconnected from the server
Process exiting
Exiting without the bug reporter. Application will terminate with return code 0